\BOOKMARK [0][-]{chapter.1}{Introduction}{}
\BOOKMARK [1][-]{section.1.1}{Problem}{chapter.1}
\BOOKMARK [1][-]{section.1.2}{Objective}{chapter.1}
\BOOKMARK [1][-]{section.1.3}{External Dependencies and Assumptions}{chapter.1}
\BOOKMARK [0][-]{chapter.2}{Scope And Requirements}{}
\BOOKMARK [1][-]{section.2.1}{Use Cases}{chapter.2}
\BOOKMARK [0][-]{chapter.3}{Architecture And Design}{}
\BOOKMARK [1][-]{section.3.1}{Application Backend}{chapter.3}
\BOOKMARK [2][-]{subsection.3.1.1}{Data Store Design}{section.3.1}
\BOOKMARK [2][-]{subsection.3.1.2}{Monitoring System}{section.3.1}
\BOOKMARK [2][-]{subsection.3.1.3}{Web Application}{section.3.1}
\BOOKMARK [1][-]{section.3.2}{Android Application}{chapter.3}
\BOOKMARK [2][-]{subsection.3.2.1}{Notifications}{section.3.2}
\BOOKMARK [2][-]{subsection.3.2.2}{Reports}{section.3.2}
\BOOKMARK [2][-]{subsection.3.2.3}{Network Health}{section.3.2}
\BOOKMARK [0][-]{chapter.4}{Technology And Implementation}{}
\BOOKMARK [1][-]{section.4.1}{Data Store}{chapter.4}
\BOOKMARK [1][-]{section.4.2}{Monitoring System}{chapter.4}
\BOOKMARK [1][-]{section.4.3}{Web Application}{chapter.4}
\BOOKMARK [2][-]{subsection.4.3.1}{Constructing The Water Network}{section.4.3}
\BOOKMARK [2][-]{subsection.4.3.2}{Calculating Water Usage And Trends}{section.4.3}
\BOOKMARK [0][-]{chapter.5}{Status Of Completion}{}
\BOOKMARK [1][-]{section.5.1}{Completed}{chapter.5}
\BOOKMARK [1][-]{section.5.2}{To Do}{chapter.5}
\BOOKMARK [0][-]{chapter.6}{Test Summary}{}
\BOOKMARK [0][-]{chapter.7}{Open Issues}{}
\BOOKMARK [0][-]{chapter.8}{Suggested Enhancements}{}
\BOOKMARK [0][-]{chapter.9}{Installation Notes}{}
